#
# A fatal error has been detected by the Java Runtime Environment:
#
#  EXCEPTION_UNCAUGHT_CXX_EXCEPTION (0xe06d7363) at pc=0x00007ffbbcc44fd9, pid=12936, tid=14908
#
# JRE version: OpenJDK Runtime Environment (11.0.12+7) (build 11.0.12+7-b1504.28-7817840)
# Java VM: OpenJDK 64-Bit Server VM (11.0.12+7-b1504.28-7817840, mixed mode, tiered, compressed oops, g1 gc, windows-amd64)
# Problematic frame:
# C  [KERNELBASE.dll+0x34fd9]
#
# No core dump will be written. Minidumps are not enabled by default on client versions of Windows
#
# If you would like to submit a bug report, please visit:
#   https://bugreport.java.com/bugreport/crash.jsp
#

---------------  S U M M A R Y ------------

Command Line: -Dorg.gradle.appname=gradlew org.gradle.wrapper.GradleWrapperMain -q -Ptarget-platform=android-arm64 -Ptarget=D:\flutter\Women Workout\women_workout_ui\lib\main.dart -Pbase-application-name=android.app.Application -Pdart-defines=Zmx1dHRlci5pbnNwZWN0b3Iuc3RydWN0dXJlZEVycm9ycz10cnVl,RkxVVFRFUl9XRUJfQVVUT19ERVRFQ1Q9dHJ1ZQ== -Pdart-obfuscation=false -Ptrack-widget-creation=true -Ptree-shake-icons=false -Pfilesystem-scheme=org-dartlang-root assembleDebug

Host: Intel(R) Core(TM) i5-4690T CPU @ 2.50GHz, 4 cores, 15G,  Windows 10 , 64 bit Build 19041 (10.0.19041.1806)
Time: Fri Jul 22 15:09:29 2022 India Standard Time elapsed time: 19.524899 seconds (0d 0h 0m 19s)

---------------  T H R E A D  ---------------

Current thread (0x0000024758f39800):  JavaThread "main" [_thread_in_vm, id=14908, stack(0x00000063f0b00000,0x00000063f0c00000)]

Stack: [0x00000063f0b00000,0x00000063f0c00000],  sp=0x00000063f0bf9620,  free space=997k
Native frames: (J=compiled Java code, j=interpreted, Vv=VM code, C=native code)
C  [KERNELBASE.dll+0x34fd9]
C  [VCRUNTIME140.dll+0x4462]
C  [jimage.dll+0x32ef]

Java frames: (J=compiled Java code, j=interpreted, Vv=VM code)
J 566  java.lang.ClassLoader.findBootstrapClass(Ljava/lang/String;)Ljava/lang/Class; java.base@11.0.12 (0 bytes) @ 0x0000024765d5cc1f [0x0000024765d5cbc0+0x000000000000005f]
J 565 c1 jdk.internal.loader.ClassLoaders$BootClassLoader.loadClassOrNull(Ljava/lang/String;)Ljava/lang/Class; java.base@11.0.12 (11 bytes) @ 0x000002475e8e8ef4 [0x000002475e8e8ce0+0x0000000000000214]
J 553 c1 jdk.internal.loader.BuiltinClassLoader.loadClassOrNull(Ljava/lang/String;Z)Ljava/lang/Class; java.base@11.0.12 (143 bytes) @ 0x000002475e8e029c [0x000002475e8df500+0x0000000000000d9c]
J 568 c1 jdk.internal.loader.BuiltinClassLoader.loadClass(Ljava/lang/String;Z)Ljava/lang/Class; java.base@11.0.12 (22 bytes) @ 0x000002475e8e9864 [0x000002475e8e9760+0x0000000000000104]
J 575 c1 java.lang.ClassLoader.loadClass(Ljava/lang/String;Z)Ljava/lang/Class; java.base@11.0.12 (122 bytes) @ 0x000002475e8ec89c [0x000002475e8ec260+0x000000000000063c]
J 575 c1 java.lang.ClassLoader.loadClass(Ljava/lang/String;Z)Ljava/lang/Class; java.base@11.0.12 (122 bytes) @ 0x000002475e8ec89c [0x000002475e8ec260+0x000000000000063c]
J 567 c1 java.lang.ClassLoader.loadClass(Ljava/lang/String;)Ljava/lang/Class; java.base@11.0.12 (7 bytes) @ 0x000002475e8e944c [0x000002475e8e9340+0x000000000000010c]
v  ~StubRoutines::call_stub
j  org.gradle.internal.serialize.BaseSerializerFactory$ThrowableSerializer.read(Lorg/gradle/internal/serialize/Decoder;)Ljava/lang/Throwable;+13
j  org.gradle.internal.serialize.BaseSerializerFactory$ThrowableSerializer.read(Lorg/gradle/internal/serialize/Decoder;)Ljava/lang/Object;+2
j  org.gradle.internal.logging.serializer.LogEventSerializer.read(Lorg/gradle/internal/serialize/Decoder;)Lorg/gradle/internal/logging/events/LogEvent;+43
j  org.gradle.internal.logging.serializer.LogEventSerializer.read(Lorg/gradle/internal/serialize/Decoder;)Ljava/lang/Object;+2
j  org.gradle.internal.serialize.DefaultSerializerRegistry$TaggedTypeSerializer.read(Lorg/gradle/internal/serialize/Decoder;)Ljava/lang/Object;+60
j  org.gradle.launcher.daemon.protocol.DaemonMessageSerializer$OutputMessageSerializer.read(Lorg/gradle/internal/serialize/Decoder;)Lorg/gradle/launcher/daemon/protocol/OutputMessage;+9
j  org.gradle.launcher.daemon.protocol.DaemonMessageSerializer$OutputMessageSerializer.read(Lorg/gradle/internal/serialize/Decoder;)Ljava/lang/Object;+2
j  org.gradle.internal.serialize.DefaultSerializerRegistry$TaggedTypeSerializer.read(Lorg/gradle/internal/serialize/Decoder;)Ljava/lang/Object;+60
j  org.gradle.internal.serialize.Serializers$StatefulSerializerAdapter$1.read()Ljava/lang/Object;+11
j  org.gradle.internal.remote.internal.inet.SocketConnection.receive()Ljava/lang/Object;+4
j  org.gradle.launcher.daemon.client.DaemonClientConnection.receive()Lorg/gradle/launcher/daemon/protocol/Message;+4
j  org.gradle.launcher.daemon.client.DaemonClientConnection.receive()Ljava/lang/Object;+1
j  org.gradle.launcher.daemon.client.DaemonClient.monitorBuild(Lorg/gradle/launcher/daemon/protocol/Build;Lorg/gradle/launcher/daemon/diagnostics/DaemonDiagnostics;Lorg/gradle/internal/remote/internal/Connection;Lorg/gradle/initialization/BuildCancellationToken;Lorg/gradle/initialization/BuildEventConsumer;)Ljava/lang/Object;+44
j  org.gradle.launcher.daemon.client.DaemonClient.executeBuild(Lorg/gradle/launcher/daemon/protocol/Build;Lorg/gradle/launcher/daemon/client/DaemonClientConnection;Lorg/gradle/initialization/BuildCancellationToken;Lorg/gradle/initialization/BuildEventConsumer;)Lorg/gradle/launcher/exec/BuildActionResult;+128
j  org.gradle.launcher.daemon.client.DaemonClient.execute(Lorg/gradle/internal/invocation/BuildAction;Lorg/gradle/launcher/exec/BuildActionParameters;Lorg/gradle/initialization/BuildRequestContext;)Lorg/gradle/launcher/exec/BuildActionResult;+135
j  org.gradle.launcher.daemon.client.DaemonClient.execute(Lorg/gradle/internal/invocation/BuildAction;Ljava/lang/Object;Ljava/lang/Object;)Lorg/gradle/launcher/exec/BuildActionResult;+10
j  org.gradle.launcher.cli.RunBuildAction.run()V+74
j  org.gradle.internal.Actions$RunnableActionAdapter.execute(Ljava/lang/Object;)V+4
j  org.gradle.launcher.cli.DefaultCommandLineActionFactory$ParseAndBuildAction.execute(Lorg/gradle/launcher/bootstrap/ExecutionListener;)V+124
j  org.gradle.launcher.cli.DefaultCommandLineActionFactory$ParseAndBuildAction.execute(Ljava/lang/Object;)V+5
j  org.gradle.launcher.cli.DebugLoggerWarningAction.execute(Lorg/gradle/launcher/bootstrap/ExecutionListener;)V+9
j  org.gradle.launcher.cli.DebugLoggerWarningAction.execute(Ljava/lang/Object;)V+5
j  org.gradle.launcher.cli.WelcomeMessageAction.execute(Lorg/gradle/launcher/bootstrap/ExecutionListener;)V+211
j  org.gradle.launcher.cli.WelcomeMessageAction.execute(Ljava/lang/Object;)V+5
j  org.gradle.launcher.cli.NativeServicesInitializingAction.execute(Lorg/gradle/launcher/bootstrap/ExecutionListener;)V+35
j  org.gradle.launcher.cli.NativeServicesInitializingAction.execute(Ljava/lang/Object;)V+5
j  org.gradle.launcher.cli.ExceptionReportingAction.execute(Lorg/gradle/launcher/bootstrap/ExecutionListener;)V+5
j  org.gradle.launcher.cli.ExceptionReportingAction.execute(Ljava/lang/Object;)V+5
j  org.gradle.launcher.cli.DefaultCommandLineActionFactory$WithLogging.execute(Lorg/gradle/launcher/bootstrap/ExecutionListener;)V+257
j  org.gradle.launcher.Main.doAction([Ljava/lang/String;Lorg/gradle/launcher/bootstrap/ExecutionListener;)V+14
j  org.gradle.launcher.bootstrap.EntryPoint.run([Ljava/lang/String;)V+12
v  ~StubRoutines::call_stub
j  jdk.internal.reflect.NativeMethodAccessorImpl.invoke0(Ljava/lang/reflect/Method;Ljava/lang/Object;[Ljava/lang/Object;)Ljava/lang/Object;+0 java.base@11.0.12
j  jdk.internal.reflect.NativeMethodAccessorImpl.invoke(Ljava/lang/Object;[Ljava/lang/Object;)Ljava/lang/Object;+100 java.base@11.0.12
j  jdk.internal.reflect.DelegatingMethodAccessorImpl.invoke(Ljava/lang/Object;[Ljava/lang/Object;)Ljava/lang/Object;+6 java.base@11.0.12
j  java.lang.reflect.Method.invoke(Ljava/lang/Object;[Ljava/lang/Object;)Ljava/lang/Object;+59 java.base@11.0.12
j  org.gradle.launcher.bootstrap.ProcessBootstrap.runNoExit(Ljava/lang/String;[Ljava/lang/String;)V+159
j  org.gradle.launcher.bootstrap.ProcessBootstrap.run(Ljava/lang/String;[Ljava/lang/String;)V+2
v  ~StubRoutines::call_stub
j  jdk.internal.reflect.NativeMethodAccessorImpl.invoke0(Ljava/lang/reflect/Method;Ljava/lang/Object;[Ljava/lang/Object;)Ljava/lang/Object;+0 java.base@11.0.12
j  jdk.internal.reflect.NativeMethodAccessorImpl.invoke(Ljava/lang/Object;[Ljava/lang/Object;)Ljava/lang/Object;+100 java.base@11.0.12
j  jdk.internal.reflect.DelegatingMethodAccessorImpl.invoke(Ljava/lang/Object;[Ljava/lang/Object;)Ljava/lang/Object;+6 java.base@11.0.12
j  java.lang.reflect.Method.invoke(Ljava/lang/Object;[Ljava/lang/Object;)Ljava/lang/Object;+59 java.base@11.0.12
j  org.gradle.launcher.GradleMain.main([Ljava/lang/String;)V+100
v  ~StubRoutines::call_stub
j  jdk.internal.reflect.NativeMethodAccessorImpl.invoke0(Ljava/lang/reflect/Method;Ljava/lang/Object;[Ljava/lang/Object;)Ljava/lang/Object;+0 java.base@11.0.12
j  jdk.internal.reflect.NativeMethodAccessorImpl.invoke(Ljava/lang/Object;[Ljava/lang/Object;)Ljava/lang/Object;+100 java.base@11.0.12
j  jdk.internal.reflect.DelegatingMethodAccessorImpl.invoke(Ljava/lang/Object;[Ljava/lang/Object;)Ljava/lang/Object;+6 java.base@11.0.12
j  java.lang.reflect.Method.invoke(Ljava/lang/Object;[Ljava/lang/Object;)Ljava/lang/Object;+59 java.base@11.0.12
j  org.gradle.wrapper.BootstrapMainStarter.start([Ljava/lang/String;Ljava/io/File;)V+82
j  org.gradle.wrapper.WrapperExecutor.execute([Ljava/lang/String;Lorg/gradle/wrapper/Install;Lorg/gradle/wrapper/BootstrapMainStarter;)V+14
j  org.gradle.wrapper.GradleWrapperMain.main([Ljava/lang/String;)V+190
v  ~StubRoutines::call_stub

siginfo: EXCEPTION_UNCAUGHT_CXX_EXCEPTION (0xe06d7363), ExceptionInformation=0x0000000019930520 0x00000063f0bf97a0 0x00007ffbb3974fb0 0x00007ffbb3970000 


Register to memory mapping:

RIP=0x00007ffbbcc44fd9 KERNELBASE.dll
RAX=0x00000063f0bf9110 is pointing into the stack for thread: 0x0000024758f39800
RBX=0x0000000000008986 is an unknown value
RCX=0x0000baf3be10f517 is an unknown value
RDX={method} {0x0000024779d05938} 'run' '()Ljava/lang/Object;' in 'java/net/URLClassLoader$1'
RSP=0x00000063f0bf9620 is pointing into the stack for thread: 0x0000024758f39800
RBP=0x00000063f0bf9760 is pointing into the stack for thread: 0x0000024758f39800
RSI=0x00007ffbb3974fb0 jimage.dll
RDI=0x000002475abc2b0b points into unknown readable memory: fa fa fe ca 5c
R8 =0x000002477a0b0880 points into unknown readable memory: 0x000000070fab5cb0 | b0 5c ab 0f 07 00 00 00
R9 =0x00000063f0bf8ff0 is pointing into the stack for thread: 0x0000024758f39800
R10=0x00007ffb72fc079f jvm.dll
R11=0x00000063f0bf9080 is pointing into the stack for thread: 0x0000024758f39800
R12=0x0000000000008986 is an unknown value
R13=0x0000024758f43880 points into unknown readable memory: 0x00007ffb735040b8 | b8 40 50 73 fb 7f 00 00
R14=0x00000063f0bf97a0 is pointing into the stack for thread: 0x0000024758f39800
R15=0x000002477a1aff60 points into unknown readable memory: 0x000000100000000c | 0c 00 00 00 10 00 00 00


Registers:
RAX=0x00000063f0bf9110, RBX=0x0000000000008986, RCX=0x0000baf3be10f517, RDX=0x0000024779d05930
RSP=0x00000063f0bf9620, RBP=0x00000063f0bf9760, RSI=0x00007ffbb3974fb0, RDI=0x000002475abc2b0b
R8 =0x000002477a0b0880, R9 =0x00000063f0bf8ff0, R10=0x00007ffb72fc079f, R11=0x00000063f0bf9080
R12=0x0000000000008986, R13=0x0000024758f43880, R14=0x00000063f0bf97a0, R15=0x000002477a1aff60
RIP=0x00007ffbbcc44fd9, EFLAGS=0x0000000000000202

Top of Stack: (sp=0x00000063f0bf9620)
0x00000063f0bf9620:   0000000000000002 0000000000008986
0x00000063f0bf9630:   00007ffbb3974fb0 00000000000003ff
0x00000063f0bf9640:   00000001e06d7363 0000000000000000
0x00000063f0bf9650:   00007ffbbcc44fd9 0000000000000004
0x00000063f0bf9660:   0000000019930520 00000063f0bf97a0
0x00000063f0bf9670:   00007ffbb3974fb0 00007ffbb3970000
0x00000063f0bf9680:   0000024758f43880 0000000000008986
0x00000063f0bf9690:   00007ffbb3974fb0 00000063f0bf9760
0x00000063f0bf96a0:   00000063f0bf9780 00007ffbbedc4a5f
0x00000063f0bf96b0:   000002475abc2b0b 0000006300000000
0x00000063f0bf96c0:   0000000300000018 000000008a00e06a
0x00000063f0bf96d0:   00007ffbb3977000 00007ffbb3970000
0x00000063f0bf96e0:   00002d6bc85eb06d 00007ffbbede07b0
0x00000063f0bf96f0:   0000000000008986 00007ffb9be64462
0x00000063f0bf9700:   00007ffbbc910000 00007ffbbcc5991b
0x00000063f0bf9710:   0000000000000000 00007ffbbede07b0 

Instructions: (pc=0x00007ffbbcc44fd9)
0x00007ffbbcc44ed9:   d8 21 00 00 41 0f 44 c0 89 43 24 8b 41 18 89 43
0x00007ffbbcc44ee9:   28 65 48 8b 04 25 60 00 00 00 48 8b 48 20 39 79
0x00007ffbbcc44ef9:   08 7c 36 41 b9 40 00 00 00 48 89 7c 24 20 4c 8d
0x00007ffbbcc44f09:   44 24 30 48 83 c9 ff 41 8d 51 e5 48 ff 15 05 e6
0x00007ffbbcc44f19:   18 00 0f 1f 44 00 00 85 c0 0f 88 6f 38 07 00 81
0x00007ffbbcc44f29:   7c 24 54 33 00 03 00 72 0f 48 8b 9c 24 80 00 00
0x00007ffbbcc44f39:   00 48 83 c4 70 5f c3 cc 89 7b 2c eb ec cc cc cc
0x00007ffbbcc44f49:   cc cc cc cc cc cc cc 65 48 8b 04 25 30 00 00 00
0x00007ffbbcc44f59:   8b 40 68 c3 cc cc cc cc cc cc cc cc cc cc cc cc
0x00007ffbbcc44f69:   cc cc cc cc cc cc cc 48 81 ec d8 00 00 00 48 8b
0x00007ffbbcc44f79:   05 f2 be 25 00 48 33 c4 48 89 84 24 c0 00 00 00
0x00007ffbbcc44f89:   48 83 64 24 28 00 48 8d 05 da ff ff ff 83 e2 01
0x00007ffbbcc44f99:   89 4c 24 20 89 54 24 24 48 89 44 24 30 4d 85 c9
0x00007ffbbcc44fa9:   74 4c b8 0f 00 00 00 48 8d 4c 24 40 44 3b c0 49
0x00007ffbbcc44fb9:   8b d1 44 0f 47 c0 44 89 44 24 38 49 c1 e0 03 e8
0x00007ffbbcc44fc9:   0a 1e 06 00 48 8d 4c 24 20 48 ff 15 27 e6 18 00
0x00007ffbbcc44fd9:   0f 1f 44 00 00 48 8b 8c 24 c0 00 00 00 48 33 cc
0x00007ffbbcc44fe9:   e8 52 96 05 00 48 81 c4 d8 00 00 00 c3 cc 83 64
0x00007ffbbcc44ff9:   24 38 00 eb cf cc cc cc cc cc cc cc cc cc cc cc
0x00007ffbbcc45009:   cc cc cc cc cc cc cc 40 53 48 83 ec 30 48 8b d1
0x00007ffbbcc45019:   48 8d 4c 24 20 e8 e5 cc ff ff 85 c0 74 26 48 8b
0x00007ffbbcc45029:   4c 24 28 e8 8f 6f ff ff 48 8d 4c 24 20 8b d8 48
0x00007ffbbcc45039:   ff 15 f1 dd 18 00 0f 1f 44 00 00 8b c3 48 83 c4
0x00007ffbbcc45049:   30 5b c3 cc 83 c8 ff eb f4 cc cc cc cc cc cc cc
0x00007ffbbcc45059:   cc cc cc cc cc cc cc 48 8b c4 48 89 58 10 48 89
0x00007ffbbcc45069:   70 18 57 48 83 ec 60 0f 57 c0 0f 11 40 b8 48 8d
0x00007ffbbcc45079:   35 c2 3e 19 00 33 db 48 85 c9 48 0f 45 f1 48 8b
0x00007ffbbcc45089:   d6 48 8d 48 c8 48 ff 15 4b e4 18 00 0f 1f 44 00
0x00007ffbbcc45099:   00 8b f8 89 44 24 70 85 c0 78 1f 41 b0 01 48 8d
0x00007ffbbcc450a9:   54 24 30 48 8d 4c 24 20 48 ff 15 a0 dd 18 00 0f
0x00007ffbbcc450b9:   1f 44 00 00 8b f8 89 44 24 70 85 ff 0f 88 d9 36
0x00007ffbbcc450c9:   07 00 48 83 c8 ff 48 8b c8 48 ff c1 66 39 1c 4e 


Stack slot to memory mapping:
stack at sp + 0 slots: 0x0000000000000002 is an unknown value
stack at sp + 1 slots: 0x0000000000008986 is an unknown value
stack at sp + 2 slots: 0x00007ffbb3974fb0 jimage.dll
stack at sp + 3 slots: 0x00000000000003ff is an unknown value
stack at sp + 4 slots: 0x00000001e06d7363 is an unknown value
stack at sp + 5 slots: 0x0 is NULL
stack at sp + 6 slots: 0x00007ffbbcc44fd9 KERNELBASE.dll
stack at sp + 7 slots: 0x0000000000000004 is an unknown value


---------------  P R O C E S S  ---------------

Threads class SMR info:
_java_thread_list=0x000002477b5713b0, length=13, elements={
0x0000024758f39800, 0x0000024779694800, 0x0000024779695800, 0x0000024779fa7800,
0x0000024779fab800, 0x0000024779fac800, 0x0000024779fb3000, 0x0000024779fb6000,
0x000002477a023000, 0x000002477a114800, 0x000002477b505800, 0x000002477af15800,
0x000002477b572000
}

Java Threads: ( => current thread )
=>0x0000024758f39800 JavaThread "main" [_thread_in_vm, id=14908, stack(0x00000063f0b00000,0x00000063f0c00000)]
  0x0000024779694800 JavaThread "Reference Handler" daemon [_thread_blocked, id=10848, stack(0x00000063f1200000,0x00000063f1300000)]
  0x0000024779695800 JavaThread "Finalizer" daemon [_thread_blocked, id=7716, stack(0x00000063f1300000,0x00000063f1400000)]
  0x0000024779fa7800 JavaThread "Signal Dispatcher" daemon [_thread_blocked, id=4456, stack(0x00000063f1400000,0x00000063f1500000)]
  0x0000024779fab800 JavaThread "Attach Listener" daemon [_thread_blocked, id=14840, stack(0x00000063f1500000,0x00000063f1600000)]
  0x0000024779fac800 JavaThread "Service Thread" daemon [_thread_blocked, id=14344, stack(0x00000063f1600000,0x00000063f1700000)]
  0x0000024779fb3000 JavaThread "C2 CompilerThread0" daemon [_thread_blocked, id=11612, stack(0x00000063f1700000,0x00000063f1800000)]
  0x0000024779fb6000 JavaThread "C1 CompilerThread0" daemon [_thread_blocked, id=7996, stack(0x00000063f1800000,0x00000063f1900000)]
  0x000002477a023000 JavaThread "Sweeper thread" daemon [_thread_blocked, id=1900, stack(0x00000063f1900000,0x00000063f1a00000)]
  0x000002477a114800 JavaThread "Common-Cleaner" daemon [_thread_blocked, id=8460, stack(0x00000063f1b00000,0x00000063f1c00000)]
  0x000002477b505800 JavaThread "pool-1-thread-1" [_thread_blocked, id=10496, stack(0x00000063f2000000,0x00000063f2100000)]
  0x000002477af15800 JavaThread "DisconnectableInputStream source reader" daemon [_thread_in_native, id=13980, stack(0x00000063f2100000,0x00000063f2200000)]
  0x000002477b572000 JavaThread "Forward input" [_thread_blocked, id=1172, stack(0x00000063f2200000,0x00000063f2300000)]

Other Threads:
  0x0000024779691000 VMThread "VM Thread" [stack: 0x00000063f1100000,0x00000063f1200000] [id=12876]
  0x000002477a10a800 WatcherThread [stack: 0x00000063f1a00000,0x00000063f1b00000] [id=13032]
  0x0000024758f51000 GCTaskThread "GC Thread#0" [stack: 0x00000063f0c00000,0x00000063f0d00000] [id=5432]
  0x000002477a454000 GCTaskThread "GC Thread#1" [stack: 0x00000063f1c00000,0x00000063f1d00000] [id=2376]
  0x000002477a4eb800 GCTaskThread "GC Thread#2" [stack: 0x00000063f1d00000,0x00000063f1e00000] [id=2772]
  0x000002477a5d1800 GCTaskThread "GC Thread#3" [stack: 0x00000063f1e00000,0x00000063f1f00000] [id=13192]
  0x0000024758fae000 ConcurrentGCThread "G1 Main Marker" [stack: 0x00000063f0d00000,0x00000063f0e00000] [id=13976]
  0x0000024758faf800 ConcurrentGCThread "G1 Conc#0" [stack: 0x00000063f0e00000,0x00000063f0f00000] [id=12660]
  0x0000024779577800 ConcurrentGCThread "G1 Refine#0" [stack: 0x00000063f0f00000,0x00000063f1000000] [id=5324]
  0x0000024779579800 ConcurrentGCThread "G1 Young RemSet Sampling" [stack: 0x00000063f1000000,0x00000063f1100000] [id=9144]

Threads with active compile tasks:

VM state:not at safepoint (normal execution)

VM Mutex/Monitor currently owned by a thread: None

Heap address: 0x0000000701600000, size: 4074 MB, Compressed Oops mode: Zero based, Oop shift amount: 3
Narrow klass base: 0x0000000800000000, Narrow klass shift: 0
Compressed class space size: 1073741824 Address: 0x0000000800000000

Heap:
 garbage-first heap   total 262144K, used 33465K [0x0000000701600000, 0x0000000800000000)
  region size 1024K, 29 young (29696K), 2 survivors (2048K)
 Metaspace       used 14991K, capacity 15259K, committed 15488K, reserved 1062912K
  class space    used 1736K, capacity 1834K, committed 1920K, reserved 1048576K
Heap Regions: E=young(eden), S=young(survivor), O=old, HS=humongous(starts), HC=humongous(continues), CS=collection set, F=free, A=archive, TAMS=top-at-mark-start (previous, next)
|   0|0x0000000701600000, 0x0000000701700000, 0x0000000701700000|100%|HS|  |TAMS 0x0000000701600000, 0x0000000701600000| Complete 
|   1|0x0000000701700000, 0x0000000701800000, 0x0000000701800000|100%|HC|  |TAMS 0x0000000701700000, 0x0000000701700000| Complete 
|   2|0x0000000701800000, 0x0000000701900000, 0x0000000701900000|100%|HC|  |TAMS 0x0000000701800000, 0x0000000701800000| Complete 
|   3|0x0000000701900000, 0x0000000701a00000, 0x0000000701a00000|100%| O|  |TAMS 0x0000000701900000, 0x0000000701900000| Untracked 
|   4|0x0000000701a00000, 0x0000000701aae400, 0x0000000701b00000| 68%| O|  |TAMS 0x0000000701a00000, 0x0000000701a00000| Untracked 
|   5|0x0000000701b00000, 0x0000000701b00000, 0x0000000701c00000|  0%| F|  |TAMS 0x0000000701b00000, 0x0000000701b00000| Untracked 
|   6|0x0000000701c00000, 0x0000000701c00000, 0x0000000701d00000|  0%| F|  |TAMS 0x0000000701c00000, 0x0000000701c00000| Untracked 
|   7|0x0000000701d00000, 0x0000000701d00000, 0x0000000701e00000|  0%| F|  |TAMS 0x0000000701d00000, 0x0000000701d00000| Untracked 
|   8|0x0000000701e00000, 0x0000000701e00000, 0x0000000701f00000|  0%| F|  |TAMS 0x0000000701e00000, 0x0000000701e00000| Untracked 
|   9|0x0000000701f00000, 0x0000000701f00000, 0x0000000702000000|  0%| F|  |TAMS 0x0000000701f00000, 0x0000000701f00000| Untracked 
|  10|0x0000000702000000, 0x0000000702000000, 0x0000000702100000|  0%| F|  |TAMS 0x0000000702000000, 0x0000000702000000| Untracked 
|  11|0x0000000702100000, 0x0000000702100000, 0x0000000702200000|  0%| F|  |TAMS 0x0000000702100000, 0x0000000702100000| Untracked 
|  12|0x0000000702200000, 0x0000000702200000, 0x0000000702300000|  0%| F|  |TAMS 0x0000000702200000, 0x0000000702200000| Untracked 
|  13|0x0000000702300000, 0x0000000702300000, 0x0000000702400000|  0%| F|  |TAMS 0x0000000702300000, 0x0000000702300000| Untracked 
|  14|0x0000000702400000, 0x0000000702400000, 0x0000000702500000|  0%| F|  |TAMS 0x0000000702400000, 0x0000000702400000| Untracked 
|  15|0x0000000702500000, 0x0000000702500000, 0x0000000702600000|  0%| F|  |TAMS 0x0000000702500000, 0x0000000702500000| Untracked 
|  16|0x0000000702600000, 0x0000000702600000, 0x0000000702700000|  0%| F|  |TAMS 0x0000000702600000, 0x0000000702600000| Untracked 
|  17|0x0000000702700000, 0x0000000702700000, 0x0000000702800000|  0%| F|  |TAMS 0x0000000702700000, 0x0000000702700000| Untracked 
|  18|0x0000000702800000, 0x0000000702800000, 0x0000000702900000|  0%| F|  |TAMS 0x0000000702800000, 0x0000000702800000| Untracked 
|  19|0x0000000702900000, 0x0000000702900000, 0x0000000702a00000|  0%| F|  |TAMS 0x0000000702900000, 0x0000000702900000| Untracked 
|  20|0x0000000702a00000, 0x0000000702a00000, 0x0000000702b00000|  0%| F|  |TAMS 0x0000000702a00000, 0x0000000702a00000| Untracked 
|  21|0x0000000702b00000, 0x0000000702b00000, 0x0000000702c00000|  0%| F|  |TAMS 0x0000000702b00000, 0x0000000702b00000| Untracked 
|  22|0x0000000702c00000, 0x0000000702c00000, 0x0000000702d00000|  0%| F|  |TAMS 0x0000000702c00000, 0x0000000702c00000| Untracked 
|  23|0x0000000702d00000, 0x0000000702d00000, 0x0000000702e00000|  0%| F|  |TAMS 0x0000000702d00000, 0x0000000702d00000| Untracked 
|  24|0x0000000702e00000, 0x0000000702e00000, 0x0000000702f00000|  0%| F|  |TAMS 0x0000000702e00000, 0x0000000702e00000| Untracked 
|  25|0x0000000702f00000, 0x0000000702f00000, 0x0000000703000000|  0%| F|  |TAMS 0x0000000702f00000, 0x0000000702f00000| Untracked 
|  26|0x0000000703000000, 0x0000000703000000, 0x0000000703100000|  0%| F|  |TAMS 0x0000000703000000, 0x0000000703000000| Untracked 
|  27|0x0000000703100000, 0x0000000703100000, 0x0000000703200000|  0%| F|  |TAMS 0x0000000703100000, 0x0000000703100000| Untracked 
|  28|0x0000000703200000, 0x0000000703200000, 0x0000000703300000|  0%| F|  |TAMS 0x0000000703200000, 0x0000000703200000| Untracked 
|  29|0x0000000703300000, 0x0000000703300000, 0x0000000703400000|  0%| F|  |TAMS 0x0000000703300000, 0x0000000703300000| Untracked 
|  30|0x0000000703400000, 0x0000000703400000, 0x0000000703500000|  0%| F|  |TAMS 0x0000000703400000, 0x0000000703400000| Untracked 
|  31|0x0000000703500000, 0x0000000703500000, 0x0000000703600000|  0%| F|  |TAMS 0x0000000703500000, 0x0000000703500000| Untracked 
|  32|0x0000000703600000, 0x0000000703600000, 0x0000000703700000|  0%| F|  |TAMS 0x0000000703600000, 0x0000000703600000| Untracked 
|  33|0x0000000703700000, 0x0000000703700000, 0x0000000703800000|  0%| F|  |TAMS 0x0000000703700000, 0x0000000703700000| Untracked 
|  34|0x0000000703800000, 0x0000000703800000, 0x0000000703900000|  0%| F|  |TAMS 0x0000000703800000, 0x0000000703800000| Untracked 
|  35|0x0000000703900000, 0x0000000703900000, 0x0000000703a00000|  0%| F|  |TAMS 0x0000000703900000, 0x0000000703900000| Untracked 
|  36|0x0000000703a00000, 0x0000000703a00000, 0x0000000703b00000|  0%| F|  |TAMS 0x0000000703a00000, 0x0000000703a00000| Untracked 
|  37|0x0000000703b00000, 0x0000000703b00000, 0x0000000703c00000|  0%| F|  |TAMS 0x0000000703b00000, 0x0000000703b00000| Untracked 
|  38|0x0000000703c00000, 0x0000000703c00000, 0x0000000703d00000|  0%| F|  |TAMS 0x0000000703c00000, 0x0000000703c00000| Untracked 
|  39|0x0000000703d00000, 0x0000000703d00000, 0x0000000703e00000|  0%| F|  |TAMS 0x0000000703d00000, 0x0000000703d00000| Untracked 
|  40|0x0000000703e00000, 0x0000000703e00000, 0x0000000703f00000|  0%| F|  |TAMS 0x0000000703e00000, 0x0000000703e00000| Untracked 
|  41|0x0000000703f00000, 0x0000000703f00000, 0x0000000704000000|  0%| F|  |TAMS 0x0000000703f00000, 0x0000000703f00000| Untracked 
|  42|0x0000000704000000, 0x0000000704000000, 0x0000000704100000|  0%| F|  |TAMS 0x0000000704000000, 0x0000000704000000| Untracked 
|  43|0x0000000704100000, 0x0000000704100000, 0x0000000704200000|  0%| F|  |TAMS 0x0000000704100000, 0x0000000704100000| Untracked 
|  44|0x0000000704200000, 0x0000000704200000, 0x0000000704300000|  0%| F|  |TAMS 0x0000000704200000, 0x0000000704200000| Untracked 
|  45|0x0000000704300000, 0x0000000704300000, 0x0000000704400000|  0%| F|  |TAMS 0x0000000704300000, 0x0000000704300000| Untracked 
|  46|0x0000000704400000, 0x0000000704400000, 0x0000000704500000|  0%| F|  |TAMS 0x0000000704400000, 0x0000000704400000| Untracked 
|  47|0x0000000704500000, 0x0000000704500000, 0x0000000704600000|  0%| F|  |TAMS 0x0000000704500000, 0x0000000704500000| Untracked 
|  48|0x0000000704600000, 0x0000000704600000, 0x0000000704700000|  0%| F|  |TAMS 0x0000000704600000, 0x0000000704600000| Untracked 
|  49|0x0000000704700000, 0x0000000704700000, 0x0000000704800000|  0%| F|  |TAMS 0x0000000704700000, 0x0000000704700000| Untracked 
|  50|0x0000000704800000, 0x0000000704800000, 0x0000000704900000|  0%| F|  |TAMS 0x0000000704800000, 0x0000000704800000| Untracked 
|  51|0x0000000704900000, 0x0000000704900000, 0x0000000704a00000|  0%| F|  |TAMS 0x0000000704900000, 0x0000000704900000| Untracked 
|  52|0x0000000704a00000, 0x0000000704a00000, 0x0000000704b00000|  0%| F|  |TAMS 0x0000000704a00000, 0x0000000704a00000| Untracked 
|  53|0x0000000704b00000, 0x0000000704b00000, 0x0000000704c00000|  0%| F|  |TAMS 0x0000000704b00000, 0x0000000704b00000| Untracked 
|  54|0x0000000704c00000, 0x0000000704c00000, 0x0000000704d00000|  0%| F|  |TAMS 0x0000000704c00000, 0x0000000704c00000| Untracked 
|  55|0x0000000704d00000, 0x0000000704d00000, 0x0000000704e00000|  0%| F|  |TAMS 0x0000000704d00000, 0x0000000704d00000| Untracked 
|  56|0x0000000704e00000, 0x0000000704e00000, 0x0000000704f00000|  0%| F|  |TAMS 0x0000000704e00000, 0x0000000704e00000| Untracked 
|  57|0x0000000704f00000, 0x0000000704f00000, 0x0000000705000000|  0%| F|  |TAMS 0x0000000704f00000, 0x0000000704f00000| Untracked 
|  58|0x0000000705000000, 0x0000000705000000, 0x0000000705100000|  0%| F|  |TAMS 0x0000000705000000, 0x0000000705000000| Untracked 
|  59|0x0000000705100000, 0x0000000705100000, 0x0000000705200000|  0%| F|  |TAMS 0x0000000705100000, 0x0000000705100000| Untracked 
|  60|0x0000000705200000, 0x0000000705200000, 0x0000000705300000|  0%| F|  |TAMS 0x0000000705200000, 0x0000000705200000| Untracked 
|  61|0x0000000705300000, 0x0000000705300000, 0x0000000705400000|  0%| F|  |TAMS 0x0000000705300000, 0x0000000705300000| Untracked 
|  62|0x0000000705400000, 0x0000000705400000, 0x0000000705500000|  0%| F|  |TAMS 0x0000000705400000, 0x0000000705400000| Untracked 
|  63|0x0000000705500000, 0x0000000705500000, 0x0000000705600000|  0%| F|  |TAMS 0x0000000705500000, 0x0000000705500000| Untracked 
|  64|0x0000000705600000, 0x0000000705600000, 0x0000000705700000|  0%| F|  |TAMS 0x0000000705600000, 0x0000000705600000| Untracked 
|  65|0x0000000705700000, 0x0000000705700000, 0x0000000705800000|  0%| F|  |TAMS 0x0000000705700000, 0x0000000705700000| Untracked 
|  66|0x0000000705800000, 0x0000000705800000, 0x0000000705900000|  0%| F|  |TAMS 0x0000000705800000, 0x0000000705800000| Untracked 
|  67|0x0000000705900000, 0x0000000705900000, 0x0000000705a00000|  0%| F|  |TAMS 0x0000000705900000, 0x0000000705900000| Untracked 
|  68|0x0000000705a00000, 0x0000000705a00000, 0x0000000705b00000|  0%| F|  |TAMS 0x0000000705a00000, 0x0000000705a00000| Untracked 
|  69|0x0000000705b00000, 0x0000000705b00000, 0x0000000705c00000|  0%| F|  |TAMS 0x0000000705b00000, 0x0000000705b00000| Untracked 
|  70|0x0000000705c00000, 0x0000000705c00000, 0x0000000705d00000|  0%| F|  |TAMS 0x0000000705c00000, 0x0000000705c00000| Untracked 
|  71|0x0000000705d00000, 0x0000000705d00000, 0x0000000705e00000|  0%| F|  |TAMS 0x0000000705d00000, 0x0000000705d00000| Untracked 
|  72|0x0000000705e00000, 0x0000000705e00000, 0x0000000705f00000|  0%| F|  |TAMS 0x0000000705e00000, 0x0000000705e00000| Untracked 
|  73|0x0000000705f00000, 0x0000000705f00000, 0x0000000706000000|  0%| F|  |TAMS 0x0000000705f00000, 0x0000000705f00000| Untracked 
|  74|0x0000000706000000, 0x0000000706000000, 0x0000000706100000|  0%| F|  |TAMS 0x0000000706000000, 0x0000000706000000| Untracked 
|  75|0x0000000706100000, 0x0000000706100000, 0x0000000706200000|  0%| F|  |TAMS 0x0000000706100000, 0x0000000706100000| Untracked 
|  76|0x0000000706200000, 0x0000000706200000, 0x0000000706300000|  0%| F|  |TAMS 0x0000000706200000, 0x0000000706200000| Untracked 
|  77|0x0000000706300000, 0x0000000706300000, 0x0000000706400000|  0%| F|  |TAMS 0x0000000706300000, 0x0000000706300000| Untracked 
|  78|0x0000000706400000, 0x0000000706400000, 0x0000000706500000|  0%| F|  |TAMS 0x0000000706400000, 0x0000000706400000| Untracked 
|  79|0x0000000706500000, 0x0000000706500000, 0x0000000706600000|  0%| F|  |TAMS 0x0000000706500000, 0x0000000706500000| Untracked 
|  80|0x0000000706600000, 0x0000000706600000, 0x0000000706700000|  0%| F|  |TAMS 0x0000000706600000, 0x0000000706600000| Untracked 
|  81|0x0000000706700000, 0x0000000706700000, 0x0000000706800000|  0%| F|  |TAMS 0x0000000706700000, 0x0000000706700000| Untracked 
|  82|0x0000000706800000, 0x0000000706800000, 0x0000000706900000|  0%| F|  |TAMS 0x0000000706800000, 0x0000000706800000| Untracked 
|  83|0x0000000706900000, 0x0000000706900000, 0x0000000706a00000|  0%| F|  |TAMS 0x0000000706900000, 0x0000000706900000| Untracked 
|  84|0x0000000706a00000, 0x0000000706a00000, 0x0000000706b00000|  0%| F|  |TAMS 0x0000000706a00000, 0x0000000706a00000| Untracked 
|  85|0x0000000706b00000, 0x0000000706b00000, 0x0000000706c00000|  0%| F|  |TAMS 0x0000000706b00000, 0x0000000706b00000| Untracked 
|  86|0x0000000706c00000, 0x0000000706c00000, 0x0000000706d00000|  0%| F|  |TAMS 0x0000000706c00000, 0x0000000706c00000| Untracked 
|  87|0x0000000706d00000, 0x0000000706d00000, 0x0000000706e00000|  0%| F|  |TAMS 0x0000000706d00000, 0x0000000706d00000| Untracked 
|  88|0x0000000706e00000, 0x0000000706e00000, 0x0000000706f00000|  0%| F|  |TAMS 0x0000000706e00000, 0x0000000706e00000| Untracked 
|  89|0x0000000706f00000, 0x0000000706f00000, 0x0000000707000000|  0%| F|  |TAMS 0x0000000706f00000, 0x0000000706f00000| Untracked 
|  90|0x0000000707000000, 0x0000000707000000, 0x0000000707100000|  0%| F|  |TAMS 0x0000000707000000, 0x0000000707000000| Untracked 
|  91|0x0000000707100000, 0x0000000707100000, 0x0000000707200000|  0%| F|  |TAMS 0x0000000707100000, 0x0000000707100000| Untracked 
|  92|0x0000000707200000, 0x0000000707200000, 0x0000000707300000|  0%| F|  |TAMS 0x0000000707200000, 0x0000000707200000| Untracked 
|  93|0x0000000707300000, 0x0000000707300000, 0x0000000707400000|  0%| F|  |TAMS 0x0000000707300000, 0x0000000707300000| Untracked 
|  94|0x0000000707400000, 0x0000000707400000, 0x0000000707500000|  0%| F|  |TAMS 0x0000000707400000, 0x0000000707400000| Untracked 
|  95|0x0000000707500000, 0x0000000707500000, 0x0000000707600000|  0%| F|  |TAMS 0x0000000707500000, 0x0000000707500000| Untracked 
|  96|0x0000000707600000, 0x0000000707600000, 0x0000000707700000|  0%| F|  |TAMS 0x0000000707600000, 0x0000000707600000| Untracked 
|  97|0x0000000707700000, 0x0000000707700000, 0x0000000707800000|  0%| F|  |TAMS 0x0000000707700000, 0x0000000707700000| Untracked 
|  98|0x0000000707800000, 0x0000000707800000, 0x0000000707900000|  0%| F|  |TAMS 0x0000000707800000, 0x0000000707800000| Untracked 
|  99|0x0000000707900000, 0x0000000707900000, 0x0000000707a00000|  0%| F|  |TAMS 0x0000000707900000, 0x0000000707900000| Untracked 
| 100|0x0000000707a00000, 0x0000000707a00000, 0x0000000707b00000|  0%| F|  |TAMS 0x0000000707a00000, 0x0000000707a00000| Untracked 
| 101|0x0000000707b00000, 0x0000000707b00000, 0x0000000707c00000|  0%| F|  |TAMS 0x0000000707b00000, 0x0000000707b00000| Untracked 
| 102|0x0000000707c00000, 0x0000000707c00000, 0x0000000707d00000|  0%| F|  |TAMS 0x0000000707c00000, 0x0000000707c00000| Untracked 
| 103|0x0000000707d00000, 0x0000000707d00000, 0x0000000707e00000|  0%| F|  |TAMS 0x0000000707d00000, 0x0000000707d00000| Untracked 
| 104|0x0000000707e00000, 0x0000000707e00000, 0x0000000707f00000|  0%| F|  |TAMS 0x0000000707e00000, 0x0000000707e00000| Untracked 
| 105|0x0000000707f00000, 0x0000000707f00000, 0x0000000708000000|  0%| F|  |TAMS 0x0000000707f00000, 0x0000000707f00000| Untracked 
| 106|0x0000000708000000, 0x0000000708000000, 0x0000000708100000|  0%| F|  |TAMS 0x0000000708000000, 0x0000000708000000| Untracked 
| 107|0x0000000708100000, 0x0000000708100000, 0x0000000708200000|  0%| F|  |TAMS 0x0000000708100000, 0x0000000708100000| Untracked 
| 108|0x0000000708200000, 0x0000000708200000, 0x0000000708300000|  0%| F|  |TAMS 0x0000000708200000, 0x0000000708200000| Untracked 
| 109|0x0000000708300000, 0x0000000708300000, 0x0000000708400000|  0%| F|  |TAMS 0x0000000708300000, 0x0000000708300000| Untracked 
| 110|0x0000000708400000, 0x0000000708400000, 0x0000000708500000|  0%| F|  |TAMS 0x0000000708400000, 0x0000000708400000| Untracked 
| 111|0x0000000708500000, 0x0000000708500000, 0x0000000708600000|  0%| F|  |TAMS 0x0000000708500000, 0x0000000708500000| Untracked 
| 112|0x0000000708600000, 0x0000000708600000, 0x0000000708700000|  0%| F|  |TAMS 0x0000000708600000, 0x0000000708600000| Untracked 
| 113|0x0000000708700000, 0x0000000708700000, 0x0000000708800000|  0%| F|  |TAMS 0x0000000708700000, 0x0000000708700000| Untracked 
| 114|0x0000000708800000, 0x0000000708800000, 0x0000000708900000|  0%| F|  |TAMS 0x0000000708800000, 0x0000000708800000| Untracked 
| 115|0x0000000708900000, 0x0000000708900000, 0x0000000708a00000|  0%| F|  |TAMS 0x0000000708900000, 0x0000000708900000| Untracked 
| 116|0x0000000708a00000, 0x0000000708a00000, 0x0000000708b00000|  0%| F|  |TAMS 0x0000000708a00000, 0x0000000708a00000| Untracked 
| 117|0x0000000708b00000, 0x0000000708b00000, 0x0000000708c00000|  0%| F|  |TAMS 0x0000000708b00000, 0x0000000708b00000| Untracked 
| 118|0x0000000708c00000, 0x0000000708c00000, 0x0000000708d00000|  0%| F|  |TAMS 0x0000000708c00000, 0x0000000708c00000| Untracked 
| 119|0x0000000708d00000, 0x0000000708d00000, 0x0000000708e00000|  0%| F|  |TAMS 0x0000000708d00000, 0x0000000708d00000| Untracked 
| 120|0x0000000708e00000, 0x0000000708e00000, 0x0000000708f00000|  0%| F|  |TAMS 0x0000000708e00000, 0x0000000708e00000| Untracked 
| 121|0x0000000708f00000, 0x0000000708f00000, 0x0000000709000000|  0%| F|  |TAMS 0x0000000708f00000, 0x0000000708f00000| Untracked 
| 122|0x0000000709000000, 0x0000000709000000, 0x0000000709100000|  0%| F|  |TAMS 0x0000000709000000, 0x0000000709000000| Untracked 
| 123|0x0000000709100000, 0x0000000709100000, 0x0000000709200000|  0%| F|  |TAMS 0x0000000709100000, 0x0000000709100000| Untracked 
| 124|0x0000000709200000, 0x0000000709200000, 0x0000000709300000|  0%| F|  |TAMS 0x0000000709200000, 0x0000000709200000| Untracked 
| 125|0x0000000709300000, 0x0000000709300000, 0x0000000709400000|  0%| F|  |TAMS 0x0000000709300000, 0x0000000709300000| Untracked 
| 126|0x0000000709400000, 0x0000000709400000, 0x0000000709500000|  0%| F|  |TAMS 0x0000000709400000, 0x0000000709400000| Untracked 
| 127|0x0000000709500000, 0x0000000709500000, 0x0000000709600000|  0%| F|  |TAMS 0x0000000709500000, 0x0000000709500000| Untracked 
| 128|0x0000000709600000, 0x0000000709600000, 0x0000000709700000|  0%| F|  |TAMS 0x0000000709600000, 0x0000000709600000| Untracked 
| 129|0x0000000709700000, 0x0000000709700000, 0x0000000709800000|  0%| F|  |TAMS 0x0000000709700000, 0x0000000709700000| Untracked 
| 130|0x0000000709800000, 0x0000000709800000, 0x0000000709900000|  0%| F|  |TAMS 0x0000000709800000, 0x0000000709800000| Untracked 
| 131|0x0000000709900000, 0x0000000709900000, 0x0000000709a00000|  0%| F|  |TAMS 0x0000000709900000, 0x0000000709900000| Untracked 
| 132|0x0000000709a00000, 0x0000000709a00000, 0x0000000709b00000|  0%| F|  |TAMS 0x0000000709a00000, 0x0000000709a00000| Untracked 
| 133|0x0000000709b00000, 0x0000000709b00000, 0x0000000709c00000|  0%| F|  |TAMS 0x0000000709b00000, 0x0000000709b00000| Untracked 
| 134|0x0000000709c00000, 0x0000000709c00000, 0x0000000709d00000|  0%| F|  |TAMS 0x0000000709c00000, 0x0000000709c00000| Untracked 
| 135|0x0000000709d00000, 0x0000000709d00000, 0x0000000709e00000|  0%| F|  |TAMS 0x0000000709d00000, 0x0000000709d00000| Untracked 
| 136|0x0000000709e00000, 0x0000000709e00000, 0x0000000709f00000|  0%| F|  |TAMS 0x0000000709e00000, 0x0000000709e00000| Untracked 
| 137|0x0000000709f00000, 0x0000000709f00000, 0x000000070a000000|  0%| F|  |TAMS 0x0000000709f00000, 0x0000000709f00000| Untracked 
| 138|0x000000070a000000, 0x000000070a000000, 0x000000070a100000|  0%| F|  |TAMS 0x000000070a000000, 0x000000070a000000| Untracked 
| 139|0x000000070a100000, 0x000000070a100000, 0x000000070a200000|  0%| F|  |TAMS 0x000000070a100000, 0x000000070a100000| Untracked 
| 140|0x000000070a200000, 0x000000070a200000, 0x000000070a300000|  0%| F|  |TAMS 0x000000070a200000, 0x000000070a200000| Untracked 
| 141|0x000000070a300000, 0x000000070a300000, 0x000000070a400000|  0%| F|  |TAMS 0x000000070a300000, 0x000000070a300000| Untracked 
| 142|0x000000070a400000, 0x000000070a400000, 0x000000070a500000|  0%| F|  |TAMS 0x000000070a400000, 0x000000070a400000| Untracked 
| 143|0x000000070a500000, 0x000000070a500000, 0x000000070a600000|  0%| F|  |TAMS 0x000000070a500000, 0x000000070a500000| Untracked 
| 144|0x000000070a600000, 0x000000070a600000, 0x000000070a700000|  0%| F|  |TAMS 0x000000070a600000, 0x000000070a600000| Untracked 
| 145|0x000000070a700000, 0x000000070a700000, 0x000000070a800000|  0%| F|  |TAMS 0x000000070a700000, 0x000000070a700000| Untracked 
| 146|0x000000070a800000, 0x000000070a800000, 0x000000070a900000|  0%| F|  |TAMS 0x000000070a800000, 0x000000070a800000| Untracked 
| 147|0x000000070a900000, 0x000000070a900000, 0x000000070aa00000|  0%| F|  |TAMS 0x000000070a900000, 0x000000070a900000| Untracked 
| 148|0x000000070aa00000, 0x000000070aa00000, 0x000000070ab00000|  0%| F|  |TAMS 0x000000070aa00000, 0x000000070aa00000| Untracked 
| 149|0x000000070ab00000, 0x000000070ab00000, 0x000000070ac00000|  0%| F|  |TAMS 0x000000070ab00000, 0x000000070ab00000| Untracked 
| 150|0x000000070ac00000, 0x000000070ac00000, 0x000000070ad00000|  0%| F|  |TAMS 0x000000070ac00000, 0x000000070ac00000| Untracked 
| 151|0x000000070ad00000, 0x000000070ad00000, 0x000000070ae00000|  0%| F|  |TAMS 0x000000070ad00000, 0x000000070ad00000| Untracked 
| 152|0x000000070ae00000, 0x000000070ae00000, 0x000000070af00000|  0%| F|  |TAMS 0x000000070ae00000, 0x000000070ae00000| Untracked 
| 153|0x000000070af00000, 0x000000070af00000, 0x000000070b000000|  0%| F|  |TAMS 0x000000070af00000, 0x000000070af00000| Untracked 
| 154|0x000000070b000000, 0x000000070b000000, 0x000000070b100000|  0%| F|  |TAMS 0x000000070b000000, 0x000000070b000000| Untracked 
| 155|0x000000070b100000, 0x000000070b100000, 0x000000070b200000|  0%| F|  |TAMS 0x000000070b100000, 0x000000070b100000| Untracked 
| 156|0x000000070b200000, 0x000000070b200000, 0x000000070b300000|  0%| F|  |TAMS 0x000000070b200000, 0x000000070b200000| Untracked 
| 157|0x000000070b300000, 0x000000070b300000, 0x000000070b400000|  0%| F|  |TAMS 0x000000070b300000, 0x000000070b300000| Untracked 
| 158|0x000000070b400000, 0x000000070b400000, 0x000000070b500000|  0%| F|  |TAMS 0x000000070b400000, 0x000000070b400000| Untracked 
| 159|0x000000070b500000, 0x000000070b500000, 0x000000070b600000|  0%| F|  |TAMS 0x000000070b500000, 0x000000070b500000| Untracked 
| 160|0x000000070b600000, 0x000000070b600000, 0x000000070b700000|  0%| F|  |TAMS 0x000000070b600000, 0x000000070b600000| Untracked 
| 161|0x000000070b700000, 0x000000070b700000, 0x000000070b800000|  0%| F|  |TAMS 0x000000070b700000, 0x000000070b700000| Untracked 
| 162|0x000000070b800000, 0x000000070b800000, 0x000000070b900000|  0%| F|  |TAMS 0x000000070b800000, 0x000000070b800000| Untracked 
| 163|0x000000070b900000, 0x000000070b900000, 0x000000070ba00000|  0%| F|  |TAMS 0x000000070b900000, 0x000000070b900000| Untracked 
| 164|0x000000070ba00000, 0x000000070ba00000, 0x000000070bb00000|  0%| F|  |TAMS 0x000000070ba00000, 0x000000070ba00000| Untracked 
| 165|0x000000070bb00000, 0x000000070bb00000, 0x000000070bc00000|  0%| F|  |TAMS 0x000000070bb00000, 0x000000070bb00000| Untracked 
| 166|0x000000070bc00000, 0x000000070bc00000, 0x000000070bd00000|  0%| F|  |TAMS 0x000000070bc00000, 0x000000070bc00000| Untracked 
| 167|0x000000070bd00000, 0x000000070bd00000, 0x000000070be00000|  0%| F|  |TAMS 0x000000070bd00000, 0x000000070bd00000| Untracked 
| 168|0x000000070be00000, 0x000000070be00000, 0x000000070bf00000|  0%| F|  |TAMS 0x000000070be00000, 0x000000070be00000| Untracked 
| 169|0x000000070bf00000, 0x000000070bf00000, 0x000000070c000000|  0%| F|  |TAMS 0x000000070bf00000, 0x000000070bf00000| Untracked 
| 170|0x000000070c000000, 0x000000070c000000, 0x000000070c100000|  0%| F|  |TAMS 0x000000070c000000, 0x000000070c000000| Untracked 
| 171|0x000000070c100000, 0x000000070c100000, 0x000000070c200000|  0%| F|  |TAMS 0x000000070c100000, 0x000000070c100000| Untracked 
| 172|0x000000070c200000, 0x000000070c200000, 0x000000070c300000|  0%| F|  |TAMS 0x000000070c200000, 0x000000070c200000| Untracked 
| 173|0x000000070c300000, 0x000000070c300000, 0x000000070c400000|  0%| F|  |TAMS 0x000000070c300000, 0x000000070c300000| Untracked 
| 174|0x000000070c400000, 0x000000070c400000, 0x000000070c500000|  0%| F|  |TAMS 0x000000070c400000, 0x000000070c400000| Untracked 
| 175|0x000000070c500000, 0x000000070c500000, 0x000000070c600000|  0%| F|  |TAMS 0x000000070c500000, 0x000000070c500000| Untracked 
| 176|0x000000070c600000, 0x000000070c600000, 0x000000070c700000|  0%| F|  |TAMS 0x000000070c600000, 0x000000070c600000| Untracked 
| 177|0x000000070c700000, 0x000000070c700000, 0x000000070c800000|  0%| F|  |TAMS 0x000000070c700000, 0x000000070c700000| Untracked 
| 178|0x000000070c800000, 0x000000070c800000, 0x000000070c900000|  0%| F|  |TAMS 0x000000070c800000, 0x000000070c800000| Untracked 
| 179|0x000000070c900000, 0x000000070c900000, 0x000000070ca00000|  0%| F|  |TAMS 0x000000070c900000, 0x000000070c900000| Untracked 
| 180|0x000000070ca00000, 0x000000070ca00000, 0x000000070cb00000|  0%| F|  |TAMS 0x000000070ca00000, 0x000000070ca00000| Untracked 
| 181|0x000000070cb00000, 0x000000070cb00000, 0x000000070cc00000|  0%| F|  |TAMS 0x000000070cb00000, 0x000000070cb00000| Untracked 
| 182|0x000000070cc00000, 0x000000070cc00000, 0x000000070cd00000|  0%| F|  |TAMS 0x000000070cc00000, 0x000000070cc00000| Untracked 
| 183|0x000000070cd00000, 0x000000070cd00000, 0x000000070ce00000|  0%| F|  |TAMS 0x000000070cd00000, 0x000000070cd00000| Untracked 
| 184|0x000000070ce00000, 0x000000070ce00000, 0x000000070cf00000|  0%| F|  |TAMS 0x000000070ce00000, 0x000000070ce00000| Untracked 
| 185|0x000000070cf00000, 0x000000070cf00000, 0x000000070d000000|  0%| F|  |TAMS 0x000000070cf00000, 0x000000070cf00000| Untracked 
| 186|0x000000070d000000, 0x000000070d000000, 0x000000070d100000|  0%| F|  |TAMS 0x000000070d000000, 0x000000070d000000| Untracked 
| 187|0x000000070d100000, 0x000000070d100000, 0x000000070d200000|  0%| F|  |TAMS 0x000000070d100000, 0x000000070d100000| Untracked 
| 188|0x000000070d200000, 0x000000070d200000, 0x000000070d300000|  0%| F|  |TAMS 0x000000070d200000, 0x000000070d200000| Untracked 
| 189|0x000000070d300000, 0x000000070d300000, 0x000000070d400000|  0%| F|  |TAMS 0x000000070d300000, 0x000000070d300000| Untracked 
| 190|0x000000070d400000, 0x000000070d400000, 0x000000070d500000|  0%| F|  |TAMS 0x000000070d400000, 0x000000070d400000| Untracked 
| 191|0x000000070d500000, 0x000000070d500000, 0x000000070d600000|  0%| F|  |TAMS 0x000000070d500000, 0x000000070d500000| Untracked 
| 192|0x000000070d600000, 0x000000070d600000, 0x000000070d700000|  0%| F|  |TAMS 0x000000070d600000, 0x000000070d600000| Untracked 
| 193|0x000000070d700000, 0x000000070d700000, 0x000000070d800000|  0%| F|  |TAMS 0x000000070d700000, 0x000000070d700000| Untracked 
| 194|0x000000070d800000, 0x000000070d800000, 0x000000070d900000|  0%| F|  |TAMS 0x000000070d800000, 0x000000070d800000| Untracked 
| 195|0x000000070d900000, 0x000000070d900000, 0x000000070da00000|  0%| F|  |TAMS 0x000000070d900000, 0x000000070d900000| Untracked 
| 196|0x000000070da00000, 0x000000070da00000, 0x000000070db00000|  0%| F|  |TAMS 0x000000070da00000, 0x000000070da00000| Untracked 
| 197|0x000000070db00000, 0x000000070db00000, 0x000000070dc00000|  0%| F|  |TAMS 0x000000070db00000, 0x000000070db00000| Untracked 
| 198|0x000000070dc00000, 0x000000070dc00000, 0x000000070dd00000|  0%| F|  |TAMS 0x000000070dc00000, 0x000000070dc00000| Untracked 
| 199|0x000000070dd00000, 0x000000070dd00000, 0x000000070de00000|  0%| F|  |TAMS 0x000000070dd00000, 0x000000070dd00000| Untracked 
| 200|0x000000070de00000, 0x000000070de00000, 0x000000070df00000|  0%| F|  |TAMS 0x000000070de00000, 0x000000070de00000| Untracked 
| 201|0x000000070df00000, 0x000000070df00000, 0x000000070e000000|  0%| F|  |TAMS 0x000000070df00000, 0x000000070df00000| Untracked 
| 202|0x000000070e000000, 0x000000070e000000, 0x000000070e100000|  0%| F|  |TAMS 0x000000070e000000, 0x000000070e000000| Untracked 
| 203|0x000000070e100000, 0x000000070e100000, 0x000000070e200000|  0%| F|  |TAMS 0x000000070e100000, 0x000000070e100000| Untracked 
| 204|0x000000070e200000, 0x000000070e200000, 0x000000070e300000|  0%| F|  |TAMS 0x000000070e200000, 0x000000070e200000| Untracked 
| 205|0x000000070e300000, 0x000000070e300000, 0x000000070e400000|  0%| F|  |TAMS 0x000000070e300000, 0x000000070e300000| Untracked 
| 206|0x000000070e400000, 0x000000070e400000, 0x000000070e500000|  0%| F|  |TAMS 0x000000070e400000, 0x000000070e400000| Untracked 
| 207|0x000000070e500000, 0x000000070e500000, 0x000000070e600000|  0%| F|  |TAMS 0x000000070e500000, 0x000000070e500000| Untracked 
| 208|0x000000070e600000, 0x000000070e600000, 0x000000070e700000|  0%| F|  |TAMS 0x000000070e600000, 0x000000070e600000| Untracked 
| 209|0x000000070e700000, 0x000000070e700000, 0x000000070e800000|  0%| F|  |TAMS 0x000000070e700000, 0x000000070e700000| Untracked 
| 210|0x000000070e800000, 0x000000070e800000, 0x000000070e900000|  0%| F|  |TAMS 0x000000070e800000, 0x000000070e800000| Untracked 
| 211|0x000000070e900000, 0x000000070e900000, 0x000000070ea00000|  0%| F|  |TAMS 0x000000070e900000, 0x000000070e900000| Untracked 
| 212|0x000000070ea00000, 0x000000070ea00000, 0x000000070eb00000|  0%| F|  |TAMS 0x000000070ea00000, 0x000000070ea00000| Untracked 
| 213|0x000000070eb00000, 0x000000070eb00000, 0x000000070ec00000|  0%| F|  |TAMS 0x000000070eb00000, 0x000000070eb00000| Untracked 
| 214|0x000000070ec00000, 0x000000070ec00000, 0x000000070ed00000|  0%| F|  |TAMS 0x000000070ec00000, 0x000000070ec00000| Untracked 
| 215|0x000000070ed00000, 0x000000070ed00000, 0x000000070ee00000|  0%| F|  |TAMS 0x000000070ed00000, 0x000000070ed00000| Untracked 
| 216|0x000000070ee00000, 0x000000070ee00000, 0x000000070ef00000|  0%| F|  |TAMS 0x000000070ee00000, 0x000000070ee00000| Untracked 
| 217|0x000000070ef00000, 0x000000070ef00000, 0x000000070f000000|  0%| F|  |TAMS 0x000000070ef00000, 0x000000070ef00000| Untracked 
| 218|0x000000070f000000, 0x000000070f000000, 0x000000070f100000|  0%| F|  |TAMS 0x000000070f000000, 0x000000070f000000| Untracked 
| 219|0x000000070f100000, 0x000000070f100000, 0x000000070f200000|  0%| F|  |TAMS 0x000000070f100000, 0x000000070f100000| Untracked 
| 220|0x000000070f200000, 0x000000070f200000, 0x000000070f300000|  0%| F|  |TAMS 0x000000070f200000, 0x000000070f200000| Untracked 
| 221|0x000000070f300000, 0x000000070f300000, 0x000000070f400000|  0%| F|  |TAMS 0x000000070f300000, 0x000000070f300000| Untracked 
| 222|0x000000070f400000, 0x000000070f400000, 0x000000070f500000|  0%| F|  |TAMS 0x000000070f400000, 0x000000070f400000| Untracked 
| 223|0x000000070f500000, 0x000000070f500000, 0x000000070f600000|  0%| F|  |TAMS 0x000000070f500000, 0x000000070f500000| Untracked 
| 224|0x000000070f600000, 0x000000070f600000, 0x000000070f700000|  0%| F|  |TAMS 0x000000070f600000, 0x000000070f600000| Untracked 
| 225|0x000000070f700000, 0x000000070f700000, 0x000000070f800000|  0%| F|  |TAMS 0x000000070f700000, 0x000000070f700000| Untracked 
| 226|0x000000070f800000, 0x000000070f800000, 0x000000070f900000|  0%| F|  |TAMS 0x000000070f800000, 0x000000070f800000| Untracked 
| 227|0x000000070f900000, 0x000000070f980800, 0x000000070fa00000| 50%| E|  |TAMS 0x000000070f900000, 0x000000070f900000| Complete 
| 228|0x000000070fa00000, 0x000000070fb00000, 0x000000070fb00000|100%| E|CS|TAMS 0x000000070fa00000, 0x000000070fa00000| Complete 
| 229|0x000000070fb00000, 0x000000070fc00000, 0x000000070fc00000|100%| E|CS|TAMS 0x000000070fb00000, 0x000000070fb00000| Complete 
| 230|0x000000070fc00000, 0x000000070fd00000, 0x000000070fd00000|100%| E|CS|TAMS 0x000000070fc00000, 0x000000070fc00000| Complete 
| 231|0x000000070fd00000, 0x000000070fe00000, 0x000000070fe00000|100%| E|CS|TAMS 0x000000070fd00000, 0x000000070fd00000| Complete 
| 232|0x000000070fe00000, 0x000000070ff00000, 0x000000070ff00000|100%| E|CS|TAMS 0x000000070fe00000, 0x000000070fe00000| Complete 
| 233|0x000000070ff00000, 0x0000000710000000, 0x0000000710000000|100%| E|CS|TAMS 0x000000070ff00000, 0x000000070ff00000| Complete 
| 234|0x0000000710000000, 0x0000000710100000, 0x0000000710100000|100%| E|CS|TAMS 0x0000000710000000, 0x0000000710000000| Complete 
| 235|0x0000000710100000, 0x0000000710200000, 0x0000000710200000|100%| E|CS|TAMS 0x0000000710100000, 0x0000000710100000| Complete 
| 236|0x0000000710200000, 0x0000000710300000, 0x0000000710300000|100%| E|CS|TAMS 0x0000000710200000, 0x0000000710200000| Complete 
| 237|0x0000000710300000, 0x0000000710400000, 0x0000000710400000|100%| E|CS|TAMS 0x0000000710300000, 0x0000000710300000| Complete 
| 238|0x0000000710400000, 0x0000000710500000, 0x0000000710500000|100%| E|CS|TAMS 0x0000000710400000, 0x0000000710400000| Complete 
| 239|0x0000000710500000, 0x0000000710600000, 0x0000000710600000|100%| E|CS|TAMS 0x0000000710500000, 0x0000000710500000| Complete 
| 240|0x0000000710600000, 0x0000000710700000, 0x0000000710700000|100%| S|CS|TAMS 0x0000000710600000, 0x0000000710600000| Complete 
| 241|0x0000000710700000, 0x0000000710800000, 0x0000000710800000|100%| S|CS|TAMS 0x0000000710700000, 0x0000000710700000| Complete 
| 242|0x0000000710800000, 0x0000000710900000, 0x0000000710900000|100%| E|CS|TAMS 0x0000000710800000, 0x0000000710800000| Complete 
| 243|0x0000000710900000, 0x0000000710a00000, 0x0000000710a00000|100%| E|CS|TAMS 0x0000000710900000, 0x0000000710900000| Complete 
| 244|0x0000000710a00000, 0x0000000710b00000, 0x0000000710b00000|100%| E|CS|TAMS 0x0000000710a00000, 0x0000000710a00000| Complete 
| 245|0x0000000710b00000, 0x0000000710c00000, 0x0000000710c00000|100%| E|CS|TAMS 0x0000000710b00000, 0x0000000710b00000| Complete 
| 246|0x0000000710c00000, 0x0000000710d00000, 0x0000000710d00000|100%| E|CS|TAMS 0x0000000710c00000, 0x0000000710c00000| Complete 
| 247|0x0000000710d00000, 0x0000000710e00000, 0x0000000710e00000|100%| E|CS|TAMS 0x0000000710d00000, 0x0000000710d00000| Complete 
| 248|0x0000000710e00000, 0x0000000710f00000, 0x0000000710f00000|100%| E|CS|TAMS 0x0000000710e00000, 0x0000000710e00000| Complete 
| 249|0x0000000710f00000, 0x0000000711000000, 0x0000000711000000|100%| E|CS|TAMS 0x0000000710f00000, 0x0000000710f00000| Complete 
| 250|0x0000000711000000, 0x0000000711100000, 0x0000000711100000|100%| E|CS|TAMS 0x0000000711000000, 0x0000000711000000| Complete 
| 251|0x0000000711100000, 0x0000000711200000, 0x0000000711200000|100%| E|CS|TAMS 0x0000000711100000, 0x0000000711100000| Complete 
| 252|0x0000000711200000, 0x0000000711300000, 0x0000000711300000|100%| E|CS|TAMS 0x0000000711200000, 0x0000000711200000| Complete 
| 253|0x0000000711300000, 0x0000000711400000, 0x0000000711400000|100%| E|CS|TAMS 0x0000000711300000, 0x0000000711300000| Complete 
| 254|0x0000000711400000, 0x0000000711500000, 0x0000000711500000|100%| E|CS|TAMS 0x0000000711400000, 0x0000000711400000| Complete 
| 255|0x0000000711500000, 0x0000000711600000, 0x0000000711600000|100%| E|CS|TAMS 0x0000000711500000, 0x0000000711500000| Complete 

Card table byte_map: [0x000002476e090000,0x000002476e890000] _byte_map_base: 0x000002476a885000

Marking Bits (Prev, Next): (CMBitMap*) 0x0000024758f9d698, (CMBitMap*) 0x0000024758f9d6d0
 Prev Bits: [0x000002476f090000, 0x0000024773038000)
 Next Bits: [0x0000024773040000, 0x0000024776fe8000)

Polling page: 0x0000024758dd0000

Metaspace:

Usage:
  Non-class:     13.11 MB capacity,    12.94 MB ( 99%) used,   149.27 KB (  1%) free+waste,    20.81 KB ( <1%) overhead. 
      Class:      1.79 MB capacity,     1.70 MB ( 95%) used,    87.14 KB (  5%) free+waste,    10.25 KB ( <1%) overhead. 
       Both:     14.90 MB capacity,    14.64 MB ( 98%) used,   236.41 KB (  2%) free+waste,    31.06 KB ( <1%) overhead. 

Virtual space:
  Non-class space:       14.00 MB reserved,      13.25 MB ( 95%) committed 
      Class space:        1.00 GB reserved,       1.88 MB ( <1%) committed 
             Both:        1.01 GB reserved,      15.13 MB (  1%) committed 

Chunk freelists:
   Non-Class:  15.00 KB
       Class:  22.00 KB
        Both:  37.00 KB

MaxMetaspaceSize: 17179869184.00 GB
CompressedClassSpaceSize: 1.00 GB
Initial GC threshold: 20.80 MB
Current GC threshold: 20.80 MB
CDS: off

CodeHeap 'non-profiled nmethods': size=120064Kb used=453Kb max_used=453Kb free=119611Kb
 bounds [0x0000024765d30000, 0x0000024765fa0000, 0x000002476d270000]
CodeHeap 'profiled nmethods': size=120000Kb used=2236Kb max_used=2236Kb free=117763Kb
 bounds [0x000002475e800000, 0x000002475ea70000, 0x0000024765d30000]
CodeHeap 'non-nmethods': size=5696Kb used=1160Kb max_used=1172Kb free=4535Kb
 bounds [0x000002475e270000, 0x000002475e4e0000, 0x000002475e800000]
 total_blobs=1611 nmethods=1197 adapters=327
 compilation: enabled
              stopped_count=0, restarted_count=0
 full_count=0

Compilation events (20 events):
Event: 14.660 Thread 0x0000024779fb6000 1188       3       java.util.concurrent.locks.ReentrantLock::lock (9 bytes)
Event: 14.660 Thread 0x0000024779fb6000 nmethod 1188 0x000002475ea29690 code [0x000002475ea298a0, 0x000002475ea29cf8]
Event: 14.868 Thread 0x0000024779fb6000 1189       3       java.util.concurrent.atomic.AtomicLong::compareAndSet (13 bytes)
Event: 14.869 Thread 0x0000024779fb6000 nmethod 1189 0x000002475ea29e90 code [0x000002475ea2a040, 0x000002475ea2a158]
Event: 16.071 Thread 0x0000024779fb6000 1190       3       java.util.concurrent.ScheduledThreadPoolExecutor$ScheduledFutureTask::getDelay (16 bytes)
Event: 16.071 Thread 0x0000024779fb6000 nmethod 1190 0x000002475ea2a210 code [0x000002475ea2a3e0, 0x000002475ea2a568]
Event: 16.071 Thread 0x0000024779fb6000 1191       3       java.util.concurrent.TimeUnit::convert (77 bytes)
Event: 16.072 Thread 0x0000024779fb6000 nmethod 1191 0x000002475ea2a610 code [0x000002475ea2a820, 0x000002475ea2ab68]
Event: 16.558 Thread 0x0000024779fb6000 1192       3       org.gradle.internal.logging.events.OutputEvent::<init> (5 bytes)
Event: 16.558 Thread 0x0000024779fb6000 nmethod 1192 0x000002475ea2ad10 code [0x000002475ea2aec0, 0x000002475ea2b018]
Event: 17.057 Thread 0x0000024779fb6000 1193       3       java.util.ArrayList::remove (26 bytes)
Event: 17.058 Thread 0x0000024779fb6000 nmethod 1193 0x000002475ea2b110 code [0x000002475ea2b340, 0x000002475ea2bb18]
Event: 17.058 Thread 0x0000024779fb6000 1194       3       java.util.ArrayList::fastRemove (44 bytes)
Event: 17.058 Thread 0x0000024779fb6000 nmethod 1194 0x000002475ea2be10 code [0x000002475ea2bfe0, 0x000002475ea2c3e8]
Event: 17.468 Thread 0x0000024779fb6000 1195   !   3       org.gradle.internal.logging.console.ThrottlingOutputEventListener::onOutput (92 bytes)
Event: 17.468 Thread 0x0000024779fb6000 nmethod 1195 0x000002475ea2c510 code [0x000002475ea2c740, 0x000002475ea2d1d8]
Event: 17.468 Thread 0x0000024779fb6000 1196       3       org.gradle.internal.logging.console.AbstractUserInputRenderer::onOutput (70 bytes)
Event: 17.469 Thread 0x0000024779fb6000 nmethod 1196 0x000002475ea2d510 code [0x000002475ea2d780, 0x000002475ea2e3c8]
Event: 17.469 Thread 0x0000024779fb6000 1197       3       org.gradle.internal.logging.console.BuildLogLevelFilterRenderer::onOutput (53 bytes)
Event: 17.469 Thread 0x0000024779fb6000 nmethod 1197 0x000002475ea2e610 code [0x000002475ea2e820, 0x000002475ea2ef38]

GC Heap History (2 events):
Event: 0.774 GC heap before
{Heap before GC invocations=0 (full 0):
 garbage-first heap   total 262144K, used 17408K [0x0000000701600000, 0x0000000800000000)
  region size 1024K, 14 young (14336K), 0 survivors (0K)
 Metaspace       used 7976K, capacity 8177K, committed 8320K, reserved 1056768K
  class space    used 716K, capacity 786K, committed 896K, reserved 1048576K
}
Event: 0.778 GC heap after
{Heap after GC invocations=1 (full 0):
 garbage-first heap   total 262144K, used 3769K [0x0000000701600000, 0x0000000800000000)
  region size 1024K, 2 young (2048K), 2 survivors (2048K)
 Metaspace       used 7976K, capacity 8177K, committed 8320K, reserved 1056768K
  class space    used 716K, capacity 786K, committed 896K, reserved 1048576K
}

Deoptimization events (20 events):
Event: 1.331 Thread 0x0000024758f39800 DEOPT PACKING pc=0x000002475e89887f sp=0x00000063f0bfa170
Event: 1.331 Thread 0x0000024758f39800 DEOPT UNPACKING pc=0x000002475e2ba95e sp=0x00000063f0bf95c0 mode 0
Event: 1.386 Thread 0x0000024758f39800 DEOPT PACKING pc=0x000002475e8e3540 sp=0x00000063f0bf8eb0
Event: 1.386 Thread 0x0000024758f39800 DEOPT UNPACKING pc=0x000002475e2ba95e sp=0x00000063f0bf83c8 mode 0
Event: 1.395 Thread 0x0000024758f39800 Uncommon trap: trap_request=0xffffff4d fr.pc=0x0000024765d88d08 relative=0x00000000000001c8
Event: 1.395 Thread 0x0000024758f39800 Uncommon trap: reason=unstable_if action=reinterpret pc=0x0000024765d88d08 method=java.util.HashMap.getNode(ILjava/lang/Object;)Ljava/util/HashMap$Node; @ 129 c2
Event: 1.395 Thread 0x0000024758f39800 DEOPT PACKING pc=0x0000024765d88d08 sp=0x00000063f0bfac90
Event: 1.395 Thread 0x0000024758f39800 DEOPT UNPACKING pc=0x000002475e2ba1af sp=0x00000063f0bfab90 mode 2
Event: 1.597 Thread 0x0000024758f39800 Uncommon trap: trap_request=0xffffff4d fr.pc=0x0000024765d85c34 relative=0x0000000000001ad4
Event: 1.597 Thread 0x0000024758f39800 Uncommon trap: reason=unstable_if action=reinterpret pc=0x0000024765d85c34 method=java.io.WinNTFileSystem.normalize(Ljava/lang/String;)Ljava/lang/String; @ 128 c2
Event: 1.597 Thread 0x0000024758f39800 DEOPT PACKING pc=0x0000024765d85c34 sp=0x00000063f0bfa7b0
Event: 1.597 Thread 0x0000024758f39800 DEOPT UNPACKING pc=0x000002475e2ba1af sp=0x00000063f0bfa788 mode 2
Event: 1.793 Thread 0x0000024758f39800 Uncommon trap: trap_request=0xffffff4d fr.pc=0x0000024765d68498 relative=0x0000000000000558
Event: 1.793 Thread 0x0000024758f39800 Uncommon trap: reason=unstable_if action=reinterpret pc=0x0000024765d68498 method=java.lang.AbstractStringBuilder.append(Ljava/lang/String;)Ljava/lang/AbstractStringBuilder; @ 1 c2
Event: 1.793 Thread 0x0000024758f39800 DEOPT PACKING pc=0x0000024765d68498 sp=0x00000063f0bfcaf0
Event: 1.793 Thread 0x0000024758f39800 DEOPT UNPACKING pc=0x000002475e2ba1af sp=0x00000063f0bfca70 mode 2
Event: 1.794 Thread 0x0000024758f39800 Uncommon trap: trap_request=0xffffff4d fr.pc=0x0000024765d679ec relative=0x000000000000052c
Event: 1.794 Thread 0x0000024758f39800 Uncommon trap: reason=unstable_if action=reinterpret pc=0x0000024765d679ec method=java.lang.AbstractStringBuilder.append(Ljava/lang/String;)Ljava/lang/AbstractStringBuilder; @ 1 c2
Event: 1.794 Thread 0x0000024758f39800 DEOPT PACKING pc=0x0000024765d679ec sp=0x00000063f0bfca90
Event: 1.794 Thread 0x0000024758f39800 DEOPT UNPACKING pc=0x000002475e2ba1af sp=0x00000063f0bfca78 mode 2

Classes redefined (0 events):
No events

Internal exceptions (14 events):
Event: 0.260 Thread 0x0000024758f39800 Exception <a 'java/lang/NoSuchMethodError'{0x0000000711489ae8}: 'int java.lang.invoke.DirectMethodHandle$Holder.invokeSpecialIFC(java.lang.Object, java.lang.Object, int)'> (0x0000000711489ae8) thrown at [./src/hotspot/share/interpreter/linkResolver.cpp, line 773]
Event: 0.374 Thread 0x0000024758f39800 Exception <a 'java/lang/NoSuchMethodError'{0x000000071120f0d0}: 'int java.lang.invoke.DirectMethodHandle$Holder.invokeStaticInit(java.lang.Object, java.lang.Object)'> (0x000000071120f0d0) thrown at [./src/hotspot/share/interpreter/linkResolver.cpp, line 773]
Event: 0.426 Thread 0x0000024758f39800 Exception <a 'java/lang/NoSuchMethodError'{0x00000007112d9848}: 'int java.lang.invoke.DirectMethodHandle$Holder.invokeSpecial(java.lang.Object, java.lang.Object, java.lang.Object, java.lang.Object)'> (0x00000007112d9848) thrown at [./src/hotspot/share/interpreter/linkResolver.cpp, line 773]
Event: 1.045 Thread 0x0000024758f39800 Implicit null exception at 0x0000024765d70bf5 to 0x0000024765d70de0
Event: 1.067 Thread 0x0000024758f39800 Exception <a 'java/lang/NoClassDefFoundError'{0x0000000710d92ae8}: org/slf4j/impl/StaticMarkerBinder> (0x0000000710d92ae8) thrown at [./src/hotspot/share/classfile/systemDictionary.cpp, line 220]
Event: 1.082 Thread 0x0000024758f39800 Exception <a 'java/lang/NoSuchMethodError'{0x0000000710c81a70}: 'java.lang.Object java.lang.invoke.DirectMethodHandle$Holder.invokeVirtual(java.lang.Object, java.lang.Object, java.lang.Object, java.lang.Object, java.lang.Object, java.lang.Object, java.lang.Object)'> (0x0000000710c81a70) thrown at [./src/hotspot/share/interpreter/linkResolver.cpp, line 773]
Event: 1.084 Thread 0x0000024758f39800 Exception <a 'java/lang/NoSuchMethodError'{0x0000000710c95478}: 'java.lang.Object java.lang.invoke.Invokers$Holder.invoker(java.lang.Object, java.lang.Object, java.lang.Object)'> (0x0000000710c95478) thrown at [./src/hotspot/share/interpreter/linkResolver.cpp, line 773]
Event: 1.087 Thread 0x0000024758f39800 Exception <a 'java/lang/NoSuchMethodError'{0x0000000710ca60f8}: 'void java.lang.invoke.DelegatingMethodHandle$Holder.delegate(java.lang.Object, java.lang.Object, int, java.lang.Object)'> (0x0000000710ca60f8) thrown at [./src/hotspot/share/interpreter/linkResolver.cpp, line 773]
Event: 1.225 Thread 0x0000024758f39800 Exception <a 'java/lang/NoSuchMethodError'{0x00000007104bb3e8}: 'java.lang.Object java.lang.invoke.DirectMethodHandle$Holder.invokeInterface(java.lang.Object, java.lang.Object, java.lang.Object)'> (0x00000007104bb3e8) thrown at [./src/hotspot/share/interpreter/linkResolver.cpp, line 773]
Event: 1.309 Thread 0x0000024758f39800 Exception <a 'java/lang/NoSuchMethodError'{0x00000007101483c0}: 'java.lang.Object java.lang.invoke.DirectMethodHandle$Holder.invokeStaticInit(java.lang.Object, java.lang.Object, java.lang.Object)'> (0x00000007101483c0) thrown at [./src/hotspot/share/interpreter/linkResolver.cpp, line 773]
Event: 1.417 Thread 0x0000024758f39800 Exception <a 'java/lang/NoSuchMethodError'{0x000000070fc0b7d0}: 'java.lang.Object java.lang.invoke.DirectMethodHandle$Holder.invokeStaticInit(java.lang.Object, int, int, int, int)'> (0x000000070fc0b7d0) thrown at [./src/hotspot/share/interpreter/linkResolver.cpp, line 773]
Event: 1.610 Thread 0x0000024758f39800 Exception <a 'java/lang/NoSuchMethodError'{0x000000070fc95628}: 'java.lang.Object java.lang.invoke.DirectMethodHandle$Holder.invokeStaticInit(java.lang.Object, java.lang.Object, int, int, int, int)'> (0x000000070fc95628) thrown at [./src/hotspot/share/interpreter/linkResolver.cpp, line 773]
Event: 1.793 Thread 0x0000024758f39800 Implicit null exception at 0x0000024765d67f74 to 0x0000024765d68480
Event: 1.793 Thread 0x0000024758f39800 Implicit null exception at 0x0000024765d674f4 to 0x0000024765d679d4

Events (20 events):
Event: 4.229 loading class jdk/internal/reflect/Label done
Event: 4.229 loading class jdk/internal/reflect/Label$PatchInfo
Event: 4.229 loading class jdk/internal/reflect/Label$PatchInfo done
Event: 4.230 loading class jdk/internal/reflect/MethodAccessorGenerator$1
Event: 4.230 loading class jdk/internal/reflect/MethodAccessorGenerator$1 done
Event: 4.230 loading class jdk/internal/reflect/ClassDefiner
Event: 4.230 loading class jdk/internal/reflect/ClassDefiner done
Event: 4.230 loading class jdk/internal/reflect/ClassDefiner$1
Event: 4.230 loading class jdk/internal/reflect/ClassDefiner$1 done
Event: 19.507 loading class org/gradle/internal/serialize/Message
Event: 19.507 loading class org/gradle/internal/serialize/Message done
Event: 19.507 loading class java/io/ObjectOutputStream
Event: 19.508 loading class java/io/ObjectOutput
Event: 19.508 loading class java/io/ObjectOutput done
Event: 19.508 loading class java/io/ObjectStreamConstants
Event: 19.508 loading class java/io/ObjectStreamConstants done
Event: 19.509 loading class java/io/ObjectOutputStream done
Event: 19.509 loading class org/gradle/internal/serialize/ExceptionReplacingObjectOutputStream
Event: 19.509 loading class org/gradle/internal/serialize/ExceptionReplacingObjectOutputStream done
Event: 19.509 loading class java/io/ObjectInputStream


Dynamic libraries:
0x00007ff6d7540000 - 0x00007ff6d754a000 	D:\android studio\jre\bin\java.exe
0x00007ffbbed90000 - 0x00007ffbbef88000 	C:\WINDOWS\SYSTEM32\ntdll.dll
0x00007ffbbe6a0000 - 0x00007ffbbe75d000 	C:\WINDOWS\System32\KERNEL32.DLL
0x00007ffbbcc10000 - 0x00007ffbbcede000 	C:\WINDOWS\System32\KERNELBASE.dll
0x00007ffbbc910000 - 0x00007ffbbca10000 	C:\WINDOWS\System32\ucrtbase.dll
0x00007ffbb05f0000 - 0x00007ffbb0609000 	D:\android studio\jre\bin\jli.dll
0x00007ffbbe500000 - 0x00007ffbbe6a0000 	C:\WINDOWS\System32\USER32.dll
0x00007ffbbc5f0000 - 0x00007ffbbc612000 	C:\WINDOWS\System32\win32u.dll
0x00007ffbbd280000 - 0x00007ffbbd2aa000 	C:\WINDOWS\System32\GDI32.dll
0x00007ffbbc800000 - 0x00007ffbbc90b000 	C:\WINDOWS\System32\gdi32full.dll
0x00007ffbbcb70000 - 0x00007ffbbcc0d000 	C:\WINDOWS\System32\msvcp_win.dll
0x00007ffb9be60000 - 0x00007ffb9be77000 	D:\android studio\jre\bin\VCRUNTIME140.dll
0x00007ffba74e0000 - 0x00007ffba777a000 	C:\WINDOWS\WinSxS\amd64_microsoft.windows.common-controls_6595b64144ccf1df_6.0.19041.1110_none_60b5254171f9507e\COMCTL32.dll
0x00007ffbbd0d0000 - 0x00007ffbbd16e000 	C:\WINDOWS\System32\msvcrt.dll
0x00007ffbbd070000 - 0x00007ffbbd0a0000 	C:\WINDOWS\System32\IMM32.DLL
0x00007ffb8fcc0000 - 0x00007ffb8fd5d000 	D:\android studio\jre\bin\msvcp140.dll
0x00007ffb72cf0000 - 0x00007ffb737d5000 	D:\android studio\jre\bin\server\jvm.dll
0x00007ffbbcfc0000 - 0x00007ffbbd06e000 	C:\WINDOWS\System32\ADVAPI32.dll
0x00007ffbbe770000 - 0x00007ffbbe80c000 	C:\WINDOWS\System32\sechost.dll
0x00007ffbbe3c0000 - 0x00007ffbbe4e5000 	C:\WINDOWS\System32\RPCRT4.dll
0x00007ffbbe4f0000 - 0x00007ffbbe4f8000 	C:\WINDOWS\System32\PSAPI.DLL
0x00007ffbb5ab0000 - 0x00007ffbb5ab9000 	C:\WINDOWS\SYSTEM32\WSOCK32.dll
0x00007ffbbdd30000 - 0x00007ffbbdd9b000 	C:\WINDOWS\System32\WS2_32.dll
0x00007ffbb7b10000 - 0x00007ffbb7b37000 	C:\WINDOWS\SYSTEM32\WINMM.dll
0x00007ffbb6bc0000 - 0x00007ffbb6bca000 	C:\WINDOWS\SYSTEM32\VERSION.dll
0x00007ffbba4c0000 - 0x00007ffbba4d2000 	C:\WINDOWS\SYSTEM32\kernel.appcore.dll
0x00007ffb9b4a0000 - 0x00007ffb9b4b1000 	D:\android studio\jre\bin\verify.dll
0x00007ffbb5ad0000 - 0x00007ffbb5cb4000 	C:\WINDOWS\SYSTEM32\DBGHELP.DLL
0x00007ffba7d30000 - 0x00007ffba7d5c000 	C:\WINDOWS\SYSTEM32\dbgcore.DLL
0x00007ffbbc620000 - 0x00007ffbbc6a2000 	C:\WINDOWS\System32\bcryptPrimitives.dll
0x00007ffb9a1e0000 - 0x00007ffb9a209000 	D:\android studio\jre\bin\java.dll
0x00007ffbb3970000 - 0x00007ffbb397b000 	D:\android studio\jre\bin\jimage.dll
0x00007ffb9b0a0000 - 0x00007ffb9b0b8000 	D:\android studio\jre\bin\zip.dll
0x00007ffbbd2b0000 - 0x00007ffbbd9f4000 	C:\WINDOWS\System32\SHELL32.dll
0x00007ffbba6c0000 - 0x00007ffbbae54000 	C:\WINDOWS\SYSTEM32\windows.storage.dll
0x00007ffbbe9f0000 - 0x00007ffbbed44000 	C:\WINDOWS\System32\combase.dll
0x00007ffbbbf30000 - 0x00007ffbbbf60000 	C:\WINDOWS\SYSTEM32\Wldp.dll
0x00007ffbbe810000 - 0x00007ffbbe8bd000 	C:\WINDOWS\System32\SHCORE.dll
0x00007ffbbda00000 - 0x00007ffbbda55000 	C:\WINDOWS\System32\shlwapi.dll
0x00007ffbbc4e0000 - 0x00007ffbbc4ff000 	C:\WINDOWS\SYSTEM32\profapi.dll
0x00007ffb9ae70000 - 0x00007ffb9ae8a000 	D:\android studio\jre\bin\net.dll
0x00007ffbae160000 - 0x00007ffbae26a000 	C:\WINDOWS\SYSTEM32\WINHTTP.dll
0x00007ffbbbc90000 - 0x00007ffbbbcfa000 	C:\WINDOWS\system32\mswsock.dll
0x00007ffb9a920000 - 0x00007ffb9a934000 	D:\android studio\jre\bin\nio.dll
0x00007ffbb07d0000 - 0x00007ffbb07f7000 	C:\Users\Kishan\.gradle\native\e1d6ef7f7dcc3fd88c89a11ec53ec762bb8ba0a96d01ffa2cd45eb1d1d8dd5c5\windows-amd64\native-platform.dll
0x00007ffbaae00000 - 0x00007ffbaae0a000 	D:\android studio\jre\bin\management.dll
0x00007ffbaa480000 - 0x00007ffbaa48d000 	D:\android studio\jre\bin\management_ext.dll
0x00007ffbbbe90000 - 0x00007ffbbbea8000 	C:\WINDOWS\SYSTEM32\CRYPTSP.dll
0x00007ffbbb610000 - 0x00007ffbbb644000 	C:\WINDOWS\system32\rsaenh.dll
0x00007ffbbc7d0000 - 0x00007ffbbc7f7000 	C:\WINDOWS\System32\bcrypt.dll
0x00007ffbbc4a0000 - 0x00007ffbbc4ce000 	C:\WINDOWS\SYSTEM32\USERENV.dll
0x00007ffbbbe80000 - 0x00007ffbbbe8c000 	C:\WINDOWS\SYSTEM32\CRYPTBASE.dll
0x00007ffbbb980000 - 0x00007ffbbb9bb000 	C:\WINDOWS\SYSTEM32\IPHLPAPI.DLL
0x00007ffbbd0a0000 - 0x00007ffbbd0a8000 	C:\WINDOWS\System32\NSI.dll
0x00007ffbb6ca0000 - 0x00007ffbb6cb7000 	C:\WINDOWS\SYSTEM32\dhcpcsvc6.DLL
0x00007ffbb6bd0000 - 0x00007ffbb6bed000 	C:\WINDOWS\SYSTEM32\dhcpcsvc.DLL
0x00007ffbbb9c0000 - 0x00007ffbbba8b000 	C:\WINDOWS\SYSTEM32\DNSAPI.dll

dbghelp: loaded successfully - version: 4.0.5 - missing functions: none
symbol engine: initialized successfully - sym options: 0x614 - pdb path: .;D:\android studio\jre\bin;C:\WINDOWS\SYSTEM32;C:\WINDOWS\WinSxS\amd64_microsoft.windows.common-controls_6595b64144ccf1df_6.0.19041.1110_none_60b5254171f9507e;D:\android studio\jre\bin\server;C:\Users\Kishan\.gradle\native\e1d6ef7f7dcc3fd88c89a11ec53ec762bb8ba0a96d01ffa2cd45eb1d1d8dd5c5\windows-amd64

VM Arguments:
jvm_args: -Dorg.gradle.appname=gradlew 
java_command: org.gradle.wrapper.GradleWrapperMain -q -Ptarget-platform=android-arm64 -Ptarget=D:\flutter\Women Workout\women_workout_ui\lib\main.dart -Pbase-application-name=android.app.Application -Pdart-defines=Zmx1dHRlci5pbnNwZWN0b3Iuc3RydWN0dXJlZEVycm9ycz10cnVl,RkxVVFRFUl9XRUJfQVVUT19ERVRFQ1Q9dHJ1ZQ== -Pdart-obfuscation=false -Ptrack-widget-creation=true -Ptree-shake-icons=false -Pfilesystem-scheme=org-dartlang-root assembleDebug
java_class_path (initial): D:\flutter\Women Workout\women_workout_ui\android\\gradle\wrapper\gradle-wrapper.jar
Launcher Type: SUN_STANDARD

[Global flags]
     intx CICompilerCount                          = 3                                         {product} {ergonomic}
     uint ConcGCThreads                            = 1                                         {product} {ergonomic}
     uint G1ConcRefinementThreads                  = 4                                         {product} {ergonomic}
   size_t G1HeapRegionSize                         = 1048576                                   {product} {ergonomic}
    uintx GCDrainStackTargetSize                   = 64                                        {product} {ergonomic}
   size_t InitialHeapSize                          = 268435456                                 {product} {ergonomic}
   size_t MarkStackSize                            = 4194304                                   {product} {ergonomic}
   size_t MaxHeapSize                              = 4271898624                                {product} {ergonomic}
   size_t MaxNewSize                               = 2562719744                                {product} {ergonomic}
   size_t MinHeapDeltaBytes                        = 1048576                                   {product} {ergonomic}
    uintx NonNMethodCodeHeapSize                   = 5830732                                {pd product} {ergonomic}
    uintx NonProfiledCodeHeapSize                  = 122913754                              {pd product} {ergonomic}
    uintx ProfiledCodeHeapSize                     = 122913754                              {pd product} {ergonomic}
    uintx ReservedCodeCacheSize                    = 251658240                              {pd product} {ergonomic}
     bool SegmentedCodeCache                       = true                                      {product} {ergonomic}
     bool UseCompressedClassPointers               = true                                 {lp64_product} {ergonomic}
     bool UseCompressedOops                        = true                                 {lp64_product} {ergonomic}
     bool UseG1GC                                  = true                                      {product} {ergonomic}
     bool UseLargePagesIndividualAllocation        = false                                  {pd product} {ergonomic}

Logging:
Log output configuration:
 #0: stdout all=warning uptime,level,tags
 #1: stderr all=off uptime,level,tags

Environment Variables:
JAVA_HOME=D:\android studio\jre
CLASSPATH=D:\flutter\Women Workout\women_workout_ui\android\\gradle\wrapper\gradle-wrapper.jar
PATH=C:\WINDOWS\system32;C:\WINDOWS;C:\WINDOWS\System32\Wbem;C:\WINDOWS\System32\WindowsPowerShell\v1.0\;D:\flutter_windows_3.0.1-stable\flutter\bin;C:\WINDOWS\System32\OpenSSH\;D:\flutter_windows_3.0.1-stable\flutter\bin;%USERPROFILE%\AppData\Local\Microsoft\WindowsApps;;D:\flutter_windows_3.0.1-stable\flutter\bin\mingit\cmd
USERNAME=Kishan
OS=Windows_NT
PROCESSOR_IDENTIFIER=Intel64 Family 6 Model 60 Stepping 3, GenuineIntel



---------------  S Y S T E M  ---------------

OS: Windows 10 , 64 bit Build 19041 (10.0.19041.1806)
OS uptime: 1 days 6:05 hours

CPU:total 4 (initial active 4) (4 cores per cpu, 1 threads per core) family 6 model 60 stepping 3 microcode 0x27, cmov, cx8, fxsr, mmx, sse, sse2, sse3, ssse3, sse4.1, sse4.2, popcnt, avx, avx2, aes, clmul, erms, lzcnt, tsc, tscinvbit, bmi1, bmi2, fma

Memory: 4k page, system-wide physical 16295M (500M free)
TotalPageFile size 30248M (AvailPageFile size 0M)
current process WorkingSet (physical memory assigned to process): 97M, peak: 105M
current process commit charge ("private bytes"): 353M, peak: 360M

vm_info: OpenJDK 64-Bit Server VM (11.0.12+7-b1504.28-7817840) for windows-amd64 JRE (11.0.12+7-b1504.28-7817840), built on Oct 13 2021 22:12:33 by "builder" with MS VC++ 14.0 (VS2015)

END.
